2026-03-24 20:35:43,631  INFO      ============================================================
2026-03-24 20:35:43,632  INFO      TAREA 02 — PUBLICAR EN KAFKA
2026-03-24 20:35:43,633  INFO        Topic    : home_sensors
2026-03-24 20:35:43,634  INFO        Broker   : kafka:29092
2026-03-24 20:35:43,634  INFO        Mensajes : 5000
2026-03-24 20:35:43,635  INFO        Delay    : 0.01s por mensaje
2026-03-24 20:35:43,635  INFO      ============================================================
2026-03-24 20:35:43,638  INFO      <BrokerConnection client_id=kafka-python-producer-1, node_id=bootstrap-0 host=kafka:29092 <connecting> [IPv4 ('172.20.0.2', 29092)]>: connecting to kafka:29092 [('172.20.0.2', 29092) IPv4]
2026-03-24 20:35:43,641  INFO      <BrokerConnection client_id=kafka-python-producer-1, node_id=bootstrap-0 host=kafka:29092 <checking_api_versions_recv> [IPv4 ('172.20.0.2', 29092)]>: Broker version identified as 2.6
2026-03-24 20:35:43,642  INFO      <BrokerConnection client_id=kafka-python-producer-1, node_id=bootstrap-0 host=kafka:29092 <connected> [IPv4 ('172.20.0.2', 29092)]>: Connection complete.
2026-03-24 20:35:43,749  INFO      <BrokerConnection client_id=kafka-python-producer-1, node_id=1 host=kafka:29092 <connecting> [IPv4 ('172.20.0.2', 29092)]>: connecting to kafka:29092 [('172.20.0.2', 29092) IPv4]
2026-03-24 20:35:43,752  INFO      <BrokerConnection client_id=kafka-python-producer-1, node_id=1 host=kafka:29092 <connected> [IPv4 ('172.20.0.2', 29092)]>: Connection complete.
2026-03-24 20:35:43,754  INFO      <BrokerConnection client_id=kafka-python-producer-1, node_id=bootstrap-0 host=kafka:29092 <connected> [IPv4 ('172.20.0.2', 29092)]>: Closing connection. 
2026-03-24 20:35:43,765  ERROR     Topic home_sensors not found in cluster metadata
2026-03-24 20:35:44,012  INFO        Progreso: 10/5000 mensajes publicados...
2026-03-24 20:35:44,150  INFO        Progreso: 20/5000 mensajes publicados...
2026-03-24 20:35:44,279  INFO        Progreso: 30/5000 mensajes publicados...
2026-03-24 20:35:44,478  INFO        Progreso: 40/5000 mensajes publicados...
2026-03-24 20:35:44,628  INFO        Progreso: 50/5000 mensajes publicados...
2026-03-24 20:35:44,761  INFO        Progreso: 60/5000 mensajes publicados...
2026-03-24 20:35:44,892  INFO        Progreso: 70/5000 mensajes publicados...
2026-03-24 20:35:45,022  INFO        Progreso: 80/5000 mensajes publicados...
2026-03-24 20:35:45,155  INFO        Progreso: 90/5000 mensajes publicados...
2026-03-24 20:35:45,296  INFO        Progreso: 100/5000 mensajes publicados...
2026-03-24 20:35:45,498  INFO        Progreso: 110/5000 mensajes publicados...
2026-03-24 20:35:45,638  INFO        Progreso: 120/5000 mensajes publicados...
2026-03-24 20:35:45,768  INFO        Progreso: 130/5000 mensajes publicados...
2026-03-24 20:35:45,895  INFO        Progreso: 140/5000 mensajes publicados...
2026-03-24 20:35:46,021  INFO        Progreso: 150/5000 mensajes publicados...
2026-03-24 20:35:46,155  INFO        Progreso: 160/5000 mensajes publicados...
2026-03-24 20:35:46,285  INFO        Progreso: 170/5000 mensajes publicados...
2026-03-24 20:35:46,414  INFO        Progreso: 180/5000 mensajes publicados...
2026-03-24 20:35:46,564  INFO        Progreso: 190/5000 mensajes publicados...
2026-03-24 20:35:46,754  INFO        Progreso: 200/5000 mensajes publicados...
2026-03-24 20:35:46,894  INFO        Progreso: 210/5000 mensajes publicados...
2026-03-24 20:35:47,023  INFO        Progreso: 220/5000 mensajes publicados...
2026-03-24 20:35:47,158  INFO        Progreso: 230/5000 mensajes publicados...
2026-03-24 20:35:47,300  INFO        Progreso: 240/5000 mensajes publicados...
2026-03-24 20:35:47,486  INFO        Progreso: 250/5000 mensajes publicados...
2026-03-24 20:35:47,658  INFO        Progreso: 260/5000 mensajes publicados...
2026-03-24 20:35:47,838  INFO        Progreso: 270/5000 mensajes publicados...
2026-03-24 20:35:47,973  INFO        Progreso: 280/5000 mensajes publicados...
2026-03-24 20:35:48,103  INFO        Progreso: 290/5000 mensajes publicados...
2026-03-24 20:35:48,243  INFO        Progreso: 300/5000 mensajes publicados...
2026-03-24 20:35:48,456  INFO        Progreso: 310/5000 mensajes publicados...
2026-03-24 20:35:48,623  INFO        Progreso: 320/5000 mensajes publicados...
2026-03-24 20:35:48,840  INFO        Progreso: 330/5000 mensajes publicados...
2026-03-24 20:35:48,988  INFO        Progreso: 340/5000 mensajes publicados...
2026-03-24 20:35:49,115  INFO        Progreso: 350/5000 mensajes publicados...
2026-03-24 20:35:49,242  INFO        Progreso: 360/5000 mensajes publicados...
2026-03-24 20:35:49,368  INFO        Progreso: 370/5000 mensajes publicados...
2026-03-24 20:35:49,498  INFO        Progreso: 380/5000 mensajes publicados...
2026-03-24 20:35:49,628  INFO        Progreso: 390/5000 mensajes publicados...
2026-03-24 20:35:49,756  INFO        Progreso: 400/5000 mensajes publicados...
2026-03-24 20:35:49,883  INFO        Progreso: 410/5000 mensajes publicados...
2026-03-24 20:35:50,011  INFO        Progreso: 420/5000 mensajes publicados...
2026-03-24 20:35:50,140  INFO        Progreso: 430/5000 mensajes publicados...
2026-03-24 20:35:50,271  INFO        Progreso: 440/5000 mensajes publicados...
2026-03-24 20:35:50,397  INFO        Progreso: 450/5000 mensajes publicados...
2026-03-24 20:35:50,526  INFO        Progreso: 460/5000 mensajes publicados...
2026-03-24 20:35:50,652  INFO        Progreso: 470/5000 mensajes publicados...
2026-03-24 20:35:50,779  INFO        Progreso: 480/5000 mensajes publicados...
2026-03-24 20:35:50,914  INFO        Progreso: 490/5000 mensajes publicados...
2026-03-24 20:35:51,044  INFO        Progreso: 500/5000 mensajes publicados...
2026-03-24 20:35:51,225  INFO        Progreso: 510/5000 mensajes publicados...
2026-03-24 20:35:51,377  INFO        Progreso: 520/5000 mensajes publicados...
2026-03-24 20:35:51,565  INFO        Progreso: 530/5000 mensajes publicados...
2026-03-24 20:35:51,716  INFO        Progreso: 540/5000 mensajes publicados...
2026-03-24 20:35:51,848  INFO        Progreso: 550/5000 mensajes publicados...
2026-03-24 20:35:51,976  INFO        Progreso: 560/5000 mensajes publicados...
2026-03-24 20:35:52,103  INFO        Progreso: 570/5000 mensajes publicados...
2026-03-24 20:35:52,228  INFO        Progreso: 580/5000 mensajes publicados...
2026-03-24 20:35:52,352  INFO        Progreso: 590/5000 mensajes publicados...
2026-03-24 20:35:52,483  INFO        Progreso: 600/5000 mensajes publicados...
2026-03-24 20:35:52,629  INFO        Progreso: 610/5000 mensajes publicados...
2026-03-24 20:35:52,789  INFO        Progreso: 620/5000 mensajes publicados...
2026-03-24 20:35:52,920  INFO        Progreso: 630/5000 mensajes publicados...
2026-03-24 20:35:53,049  INFO        Progreso: 640/5000 mensajes publicados...
2026-03-24 20:35:53,174  INFO        Progreso: 650/5000 mensajes publicados...
2026-03-24 20:35:53,303  INFO        Progreso: 660/5000 mensajes publicados...
2026-03-24 20:35:53,432  INFO        Progreso: 670/5000 mensajes publicados...
2026-03-24 20:35:53,560  INFO        Progreso: 680/5000 mensajes publicados...
2026-03-24 20:35:53,687  INFO        Progreso: 690/5000 mensajes publicados...
2026-03-24 20:35:53,811  INFO        Progreso: 700/5000 mensajes publicados...
2026-03-24 20:35:53,946  INFO        Progreso: 710/5000 mensajes publicados...
2026-03-24 20:35:54,068  INFO        Progreso: 720/5000 mensajes publicados...
2026-03-24 20:35:54,251  INFO        Progreso: 730/5000 mensajes publicados...
2026-03-24 20:35:54,384  INFO        Progreso: 740/5000 mensajes publicados...
2026-03-24 20:35:54,510  INFO        Progreso: 750/5000 mensajes publicados...
2026-03-24 20:35:54,637  INFO        Progreso: 760/5000 mensajes publicados...
2026-03-24 20:35:54,759  INFO        Progreso: 770/5000 mensajes publicados...
2026-03-24 20:35:54,883  INFO        Progreso: 780/5000 mensajes publicados...
2026-03-24 20:35:55,006  INFO        Progreso: 790/5000 mensajes publicados...
2026-03-24 20:35:55,132  INFO        Progreso: 800/5000 mensajes publicados...
2026-03-24 20:35:55,262  INFO        Progreso: 810/5000 mensajes publicados...
2026-03-24 20:35:55,388  INFO        Progreso: 820/5000 mensajes publicados...
2026-03-24 20:35:55,513  INFO        Progreso: 830/5000 mensajes publicados...
2026-03-24 20:35:55,637  INFO        Progreso: 840/5000 mensajes publicados...
2026-03-24 20:35:55,760  INFO        Progreso: 850/5000 mensajes publicados...
2026-03-24 20:35:55,883  INFO        Progreso: 860/5000 mensajes publicados...
2026-03-24 20:35:56,007  INFO        Progreso: 870/5000 mensajes publicados...
2026-03-24 20:35:56,131  INFO        Progreso: 880/5000 mensajes publicados...
2026-03-24 20:35:56,255  INFO        Progreso: 890/5000 mensajes publicados...
2026-03-24 20:35:56,380  INFO        Progreso: 900/5000 mensajes publicados...
2026-03-24 20:35:56,504  INFO        Progreso: 910/5000 mensajes publicados...
2026-03-24 20:35:56,630  INFO        Progreso: 920/5000 mensajes publicados...
2026-03-24 20:35:56,753  INFO        Progreso: 930/5000 mensajes publicados...
2026-03-24 20:35:56,893  INFO        Progreso: 940/5000 mensajes publicados...
2026-03-24 20:35:57,033  INFO        Progreso: 950/5000 mensajes publicados...
2026-03-24 20:35:57,165  INFO        Progreso: 960/5000 mensajes publicados...
2026-03-24 20:35:57,294  INFO        Progreso: 970/5000 mensajes publicados...
2026-03-24 20:35:57,458  INFO        Progreso: 980/5000 mensajes publicados...
2026-03-24 20:35:57,581  INFO        Progreso: 990/5000 mensajes publicados...
2026-03-24 20:35:57,713  INFO        Progreso: 1000/5000 mensajes publicados...
2026-03-24 20:35:57,837  INFO        Progreso: 1010/5000 mensajes publicados...
2026-03-24 20:35:57,963  INFO        Progreso: 1020/5000 mensajes publicados...
2026-03-24 20:35:58,097  INFO        Progreso: 1030/5000 mensajes publicados...
2026-03-24 20:35:58,235  INFO        Progreso: 1040/5000 mensajes publicados...
2026-03-24 20:35:58,386  INFO        Progreso: 1050/5000 mensajes publicados...
2026-03-24 20:35:58,511  INFO        Progreso: 1060/5000 mensajes publicados...
2026-03-24 20:35:58,637  INFO        Progreso: 1070/5000 mensajes publicados...
2026-03-24 20:35:58,765  INFO        Progreso: 1080/5000 mensajes publicados...
2026-03-24 20:35:58,894  INFO        Progreso: 1090/5000 mensajes publicados...
2026-03-24 20:35:59,017  INFO        Progreso: 1100/5000 mensajes publicados...
2026-03-24 20:35:59,141  INFO        Progreso: 1110/5000 mensajes publicados...
2026-03-24 20:35:59,264  INFO        Progreso: 1120/5000 mensajes publicados...
2026-03-24 20:35:59,385  INFO        Progreso: 1130/5000 mensajes publicados...
2026-03-24 20:35:59,512  INFO        Progreso: 1140/5000 mensajes publicados...
2026-03-24 20:35:59,636  INFO        Progreso: 1150/5000 mensajes publicados...
2026-03-24 20:35:59,758  INFO        Progreso: 1160/5000 mensajes publicados...
2026-03-24 20:35:59,882  INFO        Progreso: 1170/5000 mensajes publicados...
2026-03-24 20:36:00,006  INFO        Progreso: 1180/5000 mensajes publicados...
2026-03-24 20:36:00,129  INFO        Progreso: 1190/5000 mensajes publicados...
2026-03-24 20:36:00,252  INFO        Progreso: 1200/5000 mensajes publicados...
2026-03-24 20:36:00,375  INFO        Progreso: 1210/5000 mensajes publicados...
2026-03-24 20:36:00,500  INFO        Progreso: 1220/5000 mensajes publicados...
2026-03-24 20:36:00,630  INFO        Progreso: 1230/5000 mensajes publicados...
2026-03-24 20:36:00,750  INFO        Progreso: 1240/5000 mensajes publicados...
2026-03-24 20:36:00,897  INFO        Progreso: 1250/5000 mensajes publicados...
2026-03-24 20:36:01,022  INFO        Progreso: 1260/5000 mensajes publicados...
2026-03-24 20:36:01,152  INFO        Progreso: 1270/5000 mensajes publicados...
2026-03-24 20:36:01,277  INFO        Progreso: 1280/5000 mensajes publicados...
2026-03-24 20:36:01,403  INFO        Progreso: 1290/5000 mensajes publicados...
2026-03-24 20:36:01,528  INFO        Progreso: 1300/5000 mensajes publicados...
2026-03-24 20:36:01,711  INFO        Progreso: 1310/5000 mensajes publicados...
2026-03-24 20:36:01,844  INFO        Progreso: 1320/5000 mensajes publicados...
2026-03-24 20:36:01,970  INFO        Progreso: 1330/5000 mensajes publicados...
2026-03-24 20:36:02,096  INFO        Progreso: 1340/5000 mensajes publicados...
2026-03-24 20:36:02,224  INFO        Progreso: 1350/5000 mensajes publicados...
2026-03-24 20:36:02,350  INFO        Progreso: 1360/5000 mensajes publicados...
2026-03-24 20:36:02,473  INFO        Progreso: 1370/5000 mensajes publicados...
2026-03-24 20:36:02,599  INFO        Progreso: 1380/5000 mensajes publicados...
2026-03-24 20:36:02,721  INFO        Progreso: 1390/5000 mensajes publicados...
2026-03-24 20:36:02,848  INFO        Progreso: 1400/5000 mensajes publicados...
2026-03-24 20:36:02,975  INFO        Progreso: 1410/5000 mensajes publicados...
2026-03-24 20:36:03,103  INFO        Progreso: 1420/5000 mensajes publicados...
2026-03-24 20:36:03,228  INFO        Progreso: 1430/5000 mensajes publicados...
2026-03-24 20:36:03,354  INFO        Progreso: 1440/5000 mensajes publicados...
2026-03-24 20:36:03,540  INFO        Progreso: 1450/5000 mensajes publicados...
2026-03-24 20:36:03,663  INFO        Progreso: 1460/5000 mensajes publicados...
2026-03-24 20:36:03,784  INFO        Progreso: 1470/5000 mensajes publicados...
2026-03-24 20:36:03,906  INFO        Progreso: 1480/5000 mensajes publicados...
2026-03-24 20:36:04,067  INFO        Progreso: 1490/5000 mensajes publicados...
2026-03-24 20:36:04,215  INFO        Progreso: 1500/5000 mensajes publicados...
2026-03-24 20:36:04,346  INFO        Progreso: 1510/5000 mensajes publicados...
2026-03-24 20:36:04,530  INFO        Progreso: 1520/5000 mensajes publicados...
2026-03-24 20:36:04,657  INFO        Progreso: 1530/5000 mensajes publicados...
2026-03-24 20:36:04,785  INFO        Progreso: 1540/5000 mensajes publicados...
2026-03-24 20:36:04,910  INFO        Progreso: 1550/5000 mensajes publicados...
2026-03-24 20:36:05,036  INFO        Progreso: 1560/5000 mensajes publicados...
2026-03-24 20:36:05,162  INFO        Progreso: 1570/5000 mensajes publicados...
2026-03-24 20:36:05,287  INFO        Progreso: 1580/5000 mensajes publicados...
2026-03-24 20:36:05,412  INFO        Progreso: 1590/5000 mensajes publicados...
2026-03-24 20:36:05,535  INFO        Progreso: 1600/5000 mensajes publicados...
2026-03-24 20:36:05,684  INFO        Progreso: 1610/5000 mensajes publicados...
2026-03-24 20:36:05,838  INFO        Progreso: 1620/5000 mensajes publicados...
2026-03-24 20:36:05,963  INFO        Progreso: 1630/5000 mensajes publicados...
2026-03-24 20:36:06,087  INFO        Progreso: 1640/5000 mensajes publicados...
2026-03-24 20:36:06,217  INFO        Progreso: 1650/5000 mensajes publicados...
2026-03-24 20:36:06,394  INFO        Progreso: 1660/5000 mensajes publicados...
2026-03-24 20:36:06,575  INFO        Progreso: 1670/5000 mensajes publicados...
2026-03-24 20:36:06,697  INFO        Progreso: 1680/5000 mensajes publicados...
2026-03-24 20:36:06,823  INFO        Progreso: 1690/5000 mensajes publicados...
2026-03-24 20:36:06,949  INFO        Progreso: 1700/5000 mensajes publicados...
2026-03-24 20:36:07,075  INFO        Progreso: 1710/5000 mensajes publicados...
2026-03-24 20:36:07,202  INFO        Progreso: 1720/5000 mensajes publicados...
2026-03-24 20:36:07,329  INFO        Progreso: 1730/5000 mensajes publicados...
2026-03-24 20:36:07,455  INFO        Progreso: 1740/5000 mensajes publicados...
2026-03-24 20:36:07,579  INFO        Progreso: 1750/5000 mensajes publicados...
2026-03-24 20:36:07,703  INFO        Progreso: 1760/5000 mensajes publicados...
2026-03-24 20:36:07,825  INFO        Progreso: 1770/5000 mensajes publicados...
2026-03-24 20:36:07,947  INFO        Progreso: 1780/5000 mensajes publicados...
2026-03-24 20:36:08,073  INFO        Progreso: 1790/5000 mensajes publicados...
2026-03-24 20:36:08,196  INFO        Progreso: 1800/5000 mensajes publicados...
2026-03-24 20:36:08,320  INFO        Progreso: 1810/5000 mensajes publicados...
2026-03-24 20:36:08,445  INFO        Progreso: 1820/5000 mensajes publicados...
2026-03-24 20:36:08,571  INFO        Progreso: 1830/5000 mensajes publicados...
2026-03-24 20:36:08,694  INFO        Progreso: 1840/5000 mensajes publicados...
2026-03-24 20:36:08,818  INFO        Progreso: 1850/5000 mensajes publicados...
2026-03-24 20:36:08,945  INFO        Progreso: 1860/5000 mensajes publicados...
2026-03-24 20:36:09,078  INFO        Progreso: 1870/5000 mensajes publicados...
2026-03-24 20:36:09,205  INFO        Progreso: 1880/5000 mensajes publicados...
2026-03-24 20:36:09,327  INFO        Progreso: 1890/5000 mensajes publicados...
2026-03-24 20:36:09,451  INFO        Progreso: 1900/5000 mensajes publicados...
2026-03-24 20:36:09,577  INFO        Progreso: 1910/5000 mensajes publicados...
2026-03-24 20:36:09,703  INFO        Progreso: 1920/5000 mensajes publicados...
2026-03-24 20:36:09,826  INFO        Progreso: 1930/5000 mensajes publicados...
2026-03-24 20:36:09,951  INFO        Progreso: 1940/5000 mensajes publicados...
2026-03-24 20:36:10,079  INFO        Progreso: 1950/5000 mensajes publicados...
2026-03-24 20:36:10,252  INFO        Progreso: 1960/5000 mensajes publicados...
2026-03-24 20:36:10,374  INFO        Progreso: 1970/5000 mensajes publicados...
2026-03-24 20:36:10,502  INFO        Progreso: 1980/5000 mensajes publicados...
2026-03-24 20:36:10,625  INFO        Progreso: 1990/5000 mensajes publicados...
2026-03-24 20:36:10,748  INFO        Progreso: 2000/5000 mensajes publicados...
2026-03-24 20:36:10,873  INFO        Progreso: 2010/5000 mensajes publicados...
2026-03-24 20:36:10,996  INFO        Progreso: 2020/5000 mensajes publicados...
2026-03-24 20:36:11,125  INFO        Progreso: 2030/5000 mensajes publicados...
2026-03-24 20:36:11,249  INFO        Progreso: 2040/5000 mensajes publicados...
2026-03-24 20:36:11,371  INFO        Progreso: 2050/5000 mensajes publicados...
2026-03-24 20:36:11,516  INFO        Progreso: 2060/5000 mensajes publicados...
2026-03-24 20:36:11,682  INFO        Progreso: 2070/5000 mensajes publicados...
2026-03-24 20:36:11,816  INFO        Progreso: 2080/5000 mensajes publicados...
2026-03-24 20:36:11,945  INFO        Progreso: 2090/5000 mensajes publicados...
2026-03-24 20:36:12,120  INFO        Progreso: 2100/5000 mensajes publicados...
2026-03-24 20:36:12,247  INFO        Progreso: 2110/5000 mensajes publicados...
2026-03-24 20:36:12,370  INFO        Progreso: 2120/5000 mensajes publicados...
2026-03-24 20:36:12,492  INFO        Progreso: 2130/5000 mensajes publicados...
2026-03-24 20:36:12,615  INFO        Progreso: 2140/5000 mensajes publicados...
2026-03-24 20:36:12,735  INFO        Progreso: 2150/5000 mensajes publicados...
2026-03-24 20:36:12,904  INFO        Progreso: 2160/5000 mensajes publicados...
2026-03-24 20:36:13,035  INFO        Progreso: 2170/5000 mensajes publicados...
2026-03-24 20:36:13,158  INFO        Progreso: 2180/5000 mensajes publicados...
2026-03-24 20:36:13,280  INFO        Progreso: 2190/5000 mensajes publicados...
2026-03-24 20:36:13,403  INFO        Progreso: 2200/5000 mensajes publicados...
2026-03-24 20:36:13,526  INFO        Progreso: 2210/5000 mensajes publicados...
2026-03-24 20:36:13,658  INFO        Progreso: 2220/5000 mensajes publicados...
2026-03-24 20:36:13,783  INFO        Progreso: 2230/5000 mensajes publicados...
2026-03-24 20:36:13,908  INFO        Progreso: 2240/5000 mensajes publicados...
2026-03-24 20:36:14,029  INFO        Progreso: 2250/5000 mensajes publicados...
2026-03-24 20:36:14,153  INFO        Progreso: 2260/5000 mensajes publicados...
2026-03-24 20:36:14,276  INFO        Progreso: 2270/5000 mensajes publicados...
2026-03-24 20:36:14,402  INFO        Progreso: 2280/5000 mensajes publicados...
2026-03-24 20:36:14,528  INFO        Progreso: 2290/5000 mensajes publicados...
2026-03-24 20:36:14,654  INFO        Progreso: 2300/5000 mensajes publicados...
2026-03-24 20:36:14,776  INFO        Progreso: 2310/5000 mensajes publicados...
2026-03-24 20:36:14,897  INFO        Progreso: 2320/5000 mensajes publicados...
2026-03-24 20:36:15,018  INFO        Progreso: 2330/5000 mensajes publicados...
2026-03-24 20:36:15,145  INFO        Progreso: 2340/5000 mensajes publicados...
2026-03-24 20:36:15,279  INFO        Progreso: 2350/5000 mensajes publicados...
2026-03-24 20:36:15,420  INFO        Progreso: 2360/5000 mensajes publicados...
2026-03-24 20:36:15,580  INFO        Progreso: 2370/5000 mensajes publicados...
2026-03-24 20:36:15,703  INFO        Progreso: 2380/5000 mensajes publicados...
2026-03-24 20:36:15,824  INFO        Progreso: 2390/5000 mensajes publicados...
2026-03-24 20:36:15,948  INFO        Progreso: 2400/5000 mensajes publicados...
2026-03-24 20:36:16,073  INFO        Progreso: 2410/5000 mensajes publicados...
2026-03-24 20:36:16,196  INFO        Progreso: 2420/5000 mensajes publicados...
2026-03-24 20:36:16,376  INFO        Progreso: 2430/5000 mensajes publicados...
2026-03-24 20:36:16,521  INFO        Progreso: 2440/5000 mensajes publicados...
2026-03-24 20:36:16,649  INFO        Progreso: 2450/5000 mensajes publicados...
2026-03-24 20:36:16,772  INFO        Progreso: 2460/5000 mensajes publicados...
2026-03-24 20:36:16,895  INFO        Progreso: 2470/5000 mensajes publicados...
2026-03-24 20:36:17,018  INFO        Progreso: 2480/5000 mensajes publicados...
2026-03-24 20:36:17,142  INFO        Progreso: 2490/5000 mensajes publicados...
2026-03-24 20:36:17,266  INFO        Progreso: 2500/5000 mensajes publicados...
2026-03-24 20:36:17,390  INFO        Progreso: 2510/5000 mensajes publicados...
2026-03-24 20:36:17,514  INFO        Progreso: 2520/5000 mensajes publicados...
2026-03-24 20:36:17,639  INFO        Progreso: 2530/5000 mensajes publicados...
2026-03-24 20:36:17,761  INFO        Progreso: 2540/5000 mensajes publicados...
2026-03-24 20:36:17,885  INFO        Progreso: 2550/5000 mensajes publicados...
2026-03-24 20:36:18,007  INFO        Progreso: 2560/5000 mensajes publicados...
2026-03-24 20:36:18,128  INFO        Progreso: 2570/5000 mensajes publicados...
2026-03-24 20:36:18,252  INFO        Progreso: 2580/5000 mensajes publicados...
2026-03-24 20:36:18,385  INFO        Progreso: 2590/5000 mensajes publicados...
2026-03-24 20:36:18,513  INFO        Progreso: 2600/5000 mensajes publicados...
2026-03-24 20:36:18,636  INFO        Progreso: 2610/5000 mensajes publicados...
2026-03-24 20:36:18,761  INFO        Progreso: 2620/5000 mensajes publicados...
2026-03-24 20:36:18,883  INFO        Progreso: 2630/5000 mensajes publicados...
2026-03-24 20:36:19,026  INFO        Progreso: 2640/5000 mensajes publicados...
2026-03-24 20:36:19,160  INFO        Progreso: 2650/5000 mensajes publicados...
2026-03-24 20:36:19,337  INFO        Progreso: 2660/5000 mensajes publicados...
2026-03-24 20:36:19,461  INFO        Progreso: 2670/5000 mensajes publicados...
2026-03-24 20:36:19,584  INFO        Progreso: 2680/5000 mensajes publicados...
2026-03-24 20:36:19,736  INFO        Progreso: 2690/5000 mensajes publicados...
2026-03-24 20:36:19,883  INFO        Progreso: 2700/5000 mensajes publicados...
2026-03-24 20:36:20,004  INFO        Progreso: 2710/5000 mensajes publicados...
2026-03-24 20:36:20,133  INFO        Progreso: 2720/5000 mensajes publicados...
2026-03-24 20:36:20,264  INFO        Progreso: 2730/5000 mensajes publicados...
2026-03-24 20:36:20,424  INFO        Progreso: 2740/5000 mensajes publicados...
2026-03-24 20:36:20,581  INFO        Progreso: 2750/5000 mensajes publicados...
2026-03-24 20:36:20,704  INFO        Progreso: 2760/5000 mensajes publicados...
2026-03-24 20:36:20,837  INFO        Progreso: 2770/5000 mensajes publicados...
2026-03-24 20:36:20,999  INFO        Progreso: 2780/5000 mensajes publicados...
2026-03-24 20:36:21,121  INFO        Progreso: 2790/5000 mensajes publicados...
2026-03-24 20:36:21,242  INFO        Progreso: 2800/5000 mensajes publicados...
2026-03-24 20:36:21,364  INFO        Progreso: 2810/5000 mensajes publicados...
2026-03-24 20:36:21,487  INFO        Progreso: 2820/5000 mensajes publicados...
2026-03-24 20:36:21,608  INFO        Progreso: 2830/5000 mensajes publicados...
2026-03-24 20:36:21,730  INFO        Progreso: 2840/5000 mensajes publicados...
2026-03-24 20:36:21,856  INFO        Progreso: 2850/5000 mensajes publicados...
2026-03-24 20:36:21,979  INFO        Progreso: 2860/5000 mensajes publicados...
2026-03-24 20:36:22,104  INFO        Progreso: 2870/5000 mensajes publicados...
2026-03-24 20:36:22,226  INFO        Progreso: 2880/5000 mensajes publicados...
2026-03-24 20:36:22,346  INFO        Progreso: 2890/5000 mensajes publicados...
2026-03-24 20:36:22,468  INFO        Progreso: 2900/5000 mensajes publicados...
2026-03-24 20:36:22,592  INFO        Progreso: 2910/5000 mensajes publicados...
2026-03-24 20:36:22,717  INFO        Progreso: 2920/5000 mensajes publicados...
2026-03-24 20:36:22,848  INFO        Progreso: 2930/5000 mensajes publicados...
2026-03-24 20:36:23,005  INFO        Progreso: 2940/5000 mensajes publicados...
2026-03-24 20:36:23,164  INFO        Progreso: 2950/5000 mensajes publicados...
2026-03-24 20:36:23,286  INFO        Progreso: 2960/5000 mensajes publicados...
2026-03-24 20:36:23,408  INFO        Progreso: 2970/5000 mensajes publicados...
2026-03-24 20:36:23,555  INFO        Progreso: 2980/5000 mensajes publicados...
2026-03-24 20:36:23,731  INFO        Progreso: 2990/5000 mensajes publicados...
2026-03-24 20:36:23,872  INFO        Progreso: 3000/5000 mensajes publicados...
2026-03-24 20:36:24,026  INFO        Progreso: 3010/5000 mensajes publicados...
2026-03-24 20:36:24,188  INFO        Progreso: 3020/5000 mensajes publicados...
2026-03-24 20:36:24,307  INFO        Progreso: 3030/5000 mensajes publicados...
2026-03-24 20:36:24,484  INFO        Progreso: 3040/5000 mensajes publicados...
2026-03-24 20:36:24,626  INFO        Progreso: 3050/5000 mensajes publicados...
2026-03-24 20:36:24,747  INFO        Progreso: 3060/5000 mensajes publicados...
2026-03-24 20:36:24,872  INFO        Progreso: 3070/5000 mensajes publicados...
2026-03-24 20:36:25,001  INFO        Progreso: 3080/5000 mensajes publicados...
2026-03-24 20:36:25,124  INFO        Progreso: 3090/5000 mensajes publicados...
2026-03-24 20:36:25,264  INFO        Progreso: 3100/5000 mensajes publicados...
2026-03-24 20:36:25,416  INFO        Progreso: 3110/5000 mensajes publicados...
2026-03-24 20:36:25,557  INFO        Progreso: 3120/5000 mensajes publicados...
2026-03-24 20:36:25,706  INFO        Progreso: 3130/5000 mensajes publicados...
2026-03-24 20:36:25,880  INFO        Progreso: 3140/5000 mensajes publicados...
2026-03-24 20:36:26,003  INFO        Progreso: 3150/5000 mensajes publicados...
2026-03-24 20:36:26,125  INFO        Progreso: 3160/5000 mensajes publicados...
2026-03-24 20:36:26,251  INFO        Progreso: 3170/5000 mensajes publicados...
2026-03-24 20:36:26,371  INFO        Progreso: 3180/5000 mensajes publicados...
2026-03-24 20:36:26,498  INFO        Progreso: 3190/5000 mensajes publicados...
2026-03-24 20:36:26,635  INFO        Progreso: 3200/5000 mensajes publicados...
2026-03-24 20:36:26,775  INFO        Progreso: 3210/5000 mensajes publicados...
2026-03-24 20:36:26,906  INFO        Progreso: 3220/5000 mensajes publicados...
2026-03-24 20:36:27,041  INFO        Progreso: 3230/5000 mensajes publicados...
2026-03-24 20:36:27,178  INFO        Progreso: 3240/5000 mensajes publicados...
2026-03-24 20:36:27,305  INFO        Progreso: 3250/5000 mensajes publicados...
2026-03-24 20:36:27,428  INFO        Progreso: 3260/5000 mensajes publicados...
2026-03-24 20:36:27,562  INFO        Progreso: 3270/5000 mensajes publicados...
2026-03-24 20:36:27,685  INFO        Progreso: 3280/5000 mensajes publicados...
2026-03-24 20:36:27,842  INFO        Progreso: 3290/5000 mensajes publicados...
2026-03-24 20:36:27,969  INFO        Progreso: 3300/5000 mensajes publicados...
2026-03-24 20:36:28,092  INFO        Progreso: 3310/5000 mensajes publicados...
2026-03-24 20:36:28,213  INFO        Progreso: 3320/5000 mensajes publicados...
2026-03-24 20:36:28,333  INFO        Progreso: 3330/5000 mensajes publicados...
2026-03-24 20:36:28,459  INFO        Progreso: 3340/5000 mensajes publicados...
2026-03-24 20:36:28,579  INFO        Progreso: 3350/5000 mensajes publicados...
2026-03-24 20:36:28,720  INFO        Progreso: 3360/5000 mensajes publicados...
2026-03-24 20:36:28,893  INFO        Progreso: 3370/5000 mensajes publicados...
2026-03-24 20:36:29,023  INFO        Progreso: 3380/5000 mensajes publicados...
2026-03-24 20:36:29,146  INFO        Progreso: 3390/5000 mensajes publicados...
2026-03-24 20:36:29,286  INFO        Progreso: 3400/5000 mensajes publicados...
2026-03-24 20:36:29,414  INFO        Progreso: 3410/5000 mensajes publicados...
2026-03-24 20:36:29,539  INFO        Progreso: 3420/5000 mensajes publicados...
2026-03-24 20:36:29,659  INFO        Progreso: 3430/5000 mensajes publicados...
2026-03-24 20:36:29,782  INFO        Progreso: 3440/5000 mensajes publicados...
2026-03-24 20:36:29,921  INFO        Progreso: 3450/5000 mensajes publicados...
2026-03-24 20:36:30,046  INFO        Progreso: 3460/5000 mensajes publicados...
2026-03-24 20:36:30,199  INFO        Progreso: 3470/5000 mensajes publicados...
2026-03-24 20:36:30,320  INFO        Progreso: 3480/5000 mensajes publicados...
2026-03-24 20:36:30,445  INFO        Progreso: 3490/5000 mensajes publicados...
2026-03-24 20:36:30,574  INFO        Progreso: 3500/5000 mensajes publicados...
2026-03-24 20:36:30,694  INFO        Progreso: 3510/5000 mensajes publicados...
2026-03-24 20:36:30,816  INFO        Progreso: 3520/5000 mensajes publicados...
2026-03-24 20:36:30,971  INFO        Progreso: 3530/5000 mensajes publicados...
2026-03-24 20:36:31,118  INFO        Progreso: 3540/5000 mensajes publicados...
2026-03-24 20:36:31,264  INFO        Progreso: 3550/5000 mensajes publicados...
2026-03-24 20:36:31,403  INFO        Progreso: 3560/5000 mensajes publicados...
2026-03-24 20:36:31,550  INFO        Progreso: 3570/5000 mensajes publicados...
2026-03-24 20:36:31,696  INFO        Progreso: 3580/5000 mensajes publicados...
2026-03-24 20:36:31,814  INFO        Progreso: 3590/5000 mensajes publicados...
2026-03-24 20:36:31,942  INFO        Progreso: 3600/5000 mensajes publicados...
2026-03-24 20:36:32,067  INFO        Progreso: 3610/5000 mensajes publicados...
2026-03-24 20:36:32,188  INFO        Progreso: 3620/5000 mensajes publicados...
2026-03-24 20:36:32,310  INFO        Progreso: 3630/5000 mensajes publicados...
2026-03-24 20:36:32,429  INFO        Progreso: 3640/5000 mensajes publicados...
2026-03-24 20:36:32,558  INFO        Progreso: 3650/5000 mensajes publicados...
2026-03-24 20:36:32,680  INFO        Progreso: 3660/5000 mensajes publicados...
2026-03-24 20:36:32,801  INFO        Progreso: 3670/5000 mensajes publicados...
2026-03-24 20:36:32,925  INFO        Progreso: 3680/5000 mensajes publicados...
2026-03-24 20:36:33,047  INFO        Progreso: 3690/5000 mensajes publicados...
2026-03-24 20:36:33,167  INFO        Progreso: 3700/5000 mensajes publicados...
2026-03-24 20:36:33,352  INFO        Progreso: 3710/5000 mensajes publicados...
2026-03-24 20:36:33,478  INFO        Progreso: 3720/5000 mensajes publicados...
2026-03-24 20:36:33,615  INFO        Progreso: 3730/5000 mensajes publicados...
2026-03-24 20:36:33,782  INFO        Progreso: 3740/5000 mensajes publicados...
2026-03-24 20:36:33,906  INFO        Progreso: 3750/5000 mensajes publicados...
2026-03-24 20:36:34,039  INFO        Progreso: 3760/5000 mensajes publicados...
2026-03-24 20:36:34,161  INFO        Progreso: 3770/5000 mensajes publicados...
2026-03-24 20:36:34,286  INFO        Progreso: 3780/5000 mensajes publicados...
2026-03-24 20:36:34,414  INFO        Progreso: 3790/5000 mensajes publicados...
2026-03-24 20:36:34,545  INFO        Progreso: 3800/5000 mensajes publicados...
2026-03-24 20:36:34,670  INFO        Progreso: 3810/5000 mensajes publicados...
2026-03-24 20:36:34,794  INFO        Progreso: 3820/5000 mensajes publicados...
2026-03-24 20:36:34,917  INFO        Progreso: 3830/5000 mensajes publicados...
2026-03-24 20:36:35,040  INFO        Progreso: 3840/5000 mensajes publicados...
2026-03-24 20:36:35,166  INFO        Progreso: 3850/5000 mensajes publicados...
2026-03-24 20:36:35,286  INFO        Progreso: 3860/5000 mensajes publicados...
2026-03-24 20:36:35,407  INFO        Progreso: 3870/5000 mensajes publicados...
2026-03-24 20:36:35,571  INFO        Progreso: 3880/5000 mensajes publicados...
2026-03-24 20:36:35,732  INFO        Progreso: 3890/5000 mensajes publicados...
2026-03-24 20:36:35,859  INFO        Progreso: 3900/5000 mensajes publicados...
2026-03-24 20:36:35,981  INFO        Progreso: 3910/5000 mensajes publicados...
2026-03-24 20:36:36,115  INFO        Progreso: 3920/5000 mensajes publicados...
2026-03-24 20:36:36,253  INFO        Progreso: 3930/5000 mensajes publicados...
2026-03-24 20:36:36,381  INFO        Progreso: 3940/5000 mensajes publicados...
2026-03-24 20:36:36,514  INFO        Progreso: 3950/5000 mensajes publicados...
2026-03-24 20:36:36,685  INFO        Progreso: 3960/5000 mensajes publicados...
2026-03-24 20:36:36,842  INFO        Progreso: 3970/5000 mensajes publicados...
2026-03-24 20:36:36,966  INFO        Progreso: 3980/5000 mensajes publicados...
2026-03-24 20:36:37,088  INFO        Progreso: 3990/5000 mensajes publicados...
2026-03-24 20:36:37,212  INFO        Progreso: 4000/5000 mensajes publicados...
2026-03-24 20:36:37,338  INFO        Progreso: 4010/5000 mensajes publicados...
2026-03-24 20:36:37,461  INFO        Progreso: 4020/5000 mensajes publicados...
2026-03-24 20:36:37,588  INFO        Progreso: 4030/5000 mensajes publicados...
2026-03-24 20:36:37,710  INFO        Progreso: 4040/5000 mensajes publicados...
2026-03-24 20:36:37,832  INFO        Progreso: 4050/5000 mensajes publicados...
2026-03-24 20:36:37,961  INFO        Progreso: 4060/5000 mensajes publicados...
2026-03-24 20:36:38,093  INFO        Progreso: 4070/5000 mensajes publicados...
2026-03-24 20:36:38,215  INFO        Progreso: 4080/5000 mensajes publicados...
2026-03-24 20:36:38,337  INFO        Progreso: 4090/5000 mensajes publicados...
2026-03-24 20:36:38,460  INFO        Progreso: 4100/5000 mensajes publicados...
2026-03-24 20:36:38,583  INFO        Progreso: 4110/5000 mensajes publicados...
2026-03-24 20:36:38,739  INFO        Progreso: 4120/5000 mensajes publicados...
2026-03-24 20:36:38,877  INFO        Progreso: 4130/5000 mensajes publicados...
2026-03-24 20:36:39,000  INFO        Progreso: 4140/5000 mensajes publicados...
2026-03-24 20:36:39,122  INFO        Progreso: 4150/5000 mensajes publicados...
2026-03-24 20:36:39,244  INFO        Progreso: 4160/5000 mensajes publicados...
2026-03-24 20:36:39,371  INFO        Progreso: 4170/5000 mensajes publicados...
2026-03-24 20:36:39,497  INFO        Progreso: 4180/5000 mensajes publicados...
2026-03-24 20:36:39,627  INFO        Progreso: 4190/5000 mensajes publicados...
2026-03-24 20:36:39,755  INFO        Progreso: 4200/5000 mensajes publicados...
2026-03-24 20:36:39,881  INFO        Progreso: 4210/5000 mensajes publicados...
2026-03-24 20:36:40,005  INFO        Progreso: 4220/5000 mensajes publicados...
2026-03-24 20:36:40,127  INFO        Progreso: 4230/5000 mensajes publicados...
2026-03-24 20:36:40,250  INFO        Progreso: 4240/5000 mensajes publicados...
2026-03-24 20:36:40,373  INFO        Progreso: 4250/5000 mensajes publicados...
2026-03-24 20:36:40,498  INFO        Progreso: 4260/5000 mensajes publicados...
2026-03-24 20:36:40,624  INFO        Progreso: 4270/5000 mensajes publicados...
2026-03-24 20:36:40,750  INFO        Progreso: 4280/5000 mensajes publicados...
2026-03-24 20:36:40,872  INFO        Progreso: 4290/5000 mensajes publicados...
2026-03-24 20:36:40,995  INFO        Progreso: 4300/5000 mensajes publicados...
2026-03-24 20:36:41,115  INFO        Progreso: 4310/5000 mensajes publicados...
2026-03-24 20:36:41,238  INFO        Progreso: 4320/5000 mensajes publicados...
2026-03-24 20:36:41,360  INFO        Progreso: 4330/5000 mensajes publicados...
2026-03-24 20:36:41,485  INFO        Progreso: 4340/5000 mensajes publicados...
2026-03-24 20:36:41,608  INFO        Progreso: 4350/5000 mensajes publicados...
2026-03-24 20:36:41,738  INFO        Progreso: 4360/5000 mensajes publicados...
2026-03-24 20:36:41,897  INFO        Progreso: 4370/5000 mensajes publicados...
2026-03-24 20:36:42,021  INFO        Progreso: 4380/5000 mensajes publicados...
2026-03-24 20:36:42,143  INFO        Progreso: 4390/5000 mensajes publicados...
2026-03-24 20:36:42,266  INFO        Progreso: 4400/5000 mensajes publicados...
2026-03-24 20:36:42,389  INFO        Progreso: 4410/5000 mensajes publicados...
2026-03-24 20:36:42,513  INFO        Progreso: 4420/5000 mensajes publicados...
2026-03-24 20:36:42,635  INFO        Progreso: 4430/5000 mensajes publicados...
2026-03-24 20:36:42,759  INFO        Progreso: 4440/5000 mensajes publicados...
2026-03-24 20:36:42,881  INFO        Progreso: 4450/5000 mensajes publicados...
2026-03-24 20:36:43,006  INFO        Progreso: 4460/5000 mensajes publicados...
2026-03-24 20:36:43,127  INFO        Progreso: 4470/5000 mensajes publicados...
2026-03-24 20:36:43,251  INFO        Progreso: 4480/5000 mensajes publicados...
2026-03-24 20:36:43,374  INFO        Progreso: 4490/5000 mensajes publicados...
2026-03-24 20:36:43,496  INFO        Progreso: 4500/5000 mensajes publicados...
2026-03-24 20:36:43,618  INFO        Progreso: 4510/5000 mensajes publicados...
2026-03-24 20:36:43,738  INFO        Progreso: 4520/5000 mensajes publicados...
2026-03-24 20:36:43,862  INFO        Progreso: 4530/5000 mensajes publicados...
2026-03-24 20:36:43,983  INFO        Progreso: 4540/5000 mensajes publicados...
2026-03-24 20:36:44,107  INFO        Progreso: 4550/5000 mensajes publicados...
2026-03-24 20:36:44,240  INFO        Progreso: 4560/5000 mensajes publicados...
2026-03-24 20:36:44,366  INFO        Progreso: 4570/5000 mensajes publicados...
2026-03-24 20:36:44,490  INFO        Progreso: 4580/5000 mensajes publicados...
2026-03-24 20:36:44,613  INFO        Progreso: 4590/5000 mensajes publicados...
2026-03-24 20:36:44,734  INFO        Progreso: 4600/5000 mensajes publicados...
2026-03-24 20:36:44,886  INFO        Progreso: 4610/5000 mensajes publicados...
2026-03-24 20:36:45,026  INFO        Progreso: 4620/5000 mensajes publicados...
2026-03-24 20:36:45,149  INFO        Progreso: 4630/5000 mensajes publicados...
2026-03-24 20:36:45,288  INFO        Progreso: 4640/5000 mensajes publicados...
2026-03-24 20:36:45,415  INFO        Progreso: 4650/5000 mensajes publicados...
2026-03-24 20:36:45,539  INFO        Progreso: 4660/5000 mensajes publicados...
2026-03-24 20:36:45,662  INFO        Progreso: 4670/5000 mensajes publicados...
2026-03-24 20:36:45,786  INFO        Progreso: 4680/5000 mensajes publicados...
2026-03-24 20:36:45,909  INFO        Progreso: 4690/5000 mensajes publicados...
2026-03-24 20:36:46,031  INFO        Progreso: 4700/5000 mensajes publicados...
2026-03-24 20:36:46,152  INFO        Progreso: 4710/5000 mensajes publicados...
2026-03-24 20:36:46,281  INFO        Progreso: 4720/5000 mensajes publicados...
2026-03-24 20:36:46,450  INFO        Progreso: 4730/5000 mensajes publicados...
2026-03-24 20:36:46,584  INFO        Progreso: 4740/5000 mensajes publicados...
2026-03-24 20:36:46,707  INFO        Progreso: 4750/5000 mensajes publicados...
2026-03-24 20:36:46,829  INFO        Progreso: 4760/5000 mensajes publicados...
2026-03-24 20:36:46,950  INFO        Progreso: 4770/5000 mensajes publicados...
2026-03-24 20:36:47,070  INFO        Progreso: 4780/5000 mensajes publicados...
2026-03-24 20:36:47,196  INFO        Progreso: 4790/5000 mensajes publicados...
2026-03-24 20:36:47,345  INFO        Progreso: 4800/5000 mensajes publicados...
2026-03-24 20:36:47,469  INFO        Progreso: 4810/5000 mensajes publicados...
2026-03-24 20:36:47,640  INFO        Progreso: 4820/5000 mensajes publicados...
2026-03-24 20:36:47,761  INFO        Progreso: 4830/5000 mensajes publicados...
2026-03-24 20:36:47,881  INFO        Progreso: 4840/5000 mensajes publicados...
2026-03-24 20:36:48,013  INFO        Progreso: 4850/5000 mensajes publicados...
2026-03-24 20:36:48,146  INFO        Progreso: 4860/5000 mensajes publicados...
2026-03-24 20:36:48,287  INFO        Progreso: 4870/5000 mensajes publicados...
2026-03-24 20:36:48,422  INFO        Progreso: 4880/5000 mensajes publicados...
2026-03-24 20:36:48,545  INFO        Progreso: 4890/5000 mensajes publicados...
2026-03-24 20:36:48,669  INFO        Progreso: 4900/5000 mensajes publicados...
2026-03-24 20:36:48,791  INFO        Progreso: 4910/5000 mensajes publicados...
2026-03-24 20:36:48,913  INFO        Progreso: 4920/5000 mensajes publicados...
2026-03-24 20:36:49,032  INFO        Progreso: 4930/5000 mensajes publicados...
2026-03-24 20:36:49,154  INFO        Progreso: 4940/5000 mensajes publicados...
2026-03-24 20:36:49,275  INFO        Progreso: 4950/5000 mensajes publicados...
2026-03-24 20:36:49,410  INFO        Progreso: 4960/5000 mensajes publicados...
2026-03-24 20:36:49,600  INFO        Progreso: 4970/5000 mensajes publicados...
2026-03-24 20:36:49,724  INFO        Progreso: 4980/5000 mensajes publicados...
2026-03-24 20:36:49,849  INFO        Progreso: 4990/5000 mensajes publicados...
2026-03-24 20:36:49,969  INFO        Progreso: 5000/5000 mensajes publicados...
2026-03-24 20:36:49,981  INFO      <KafkaProducer client_id=kafka-python-producer-1 transactional_id=None>: Closing the Kafka producer with 9223372036.0 secs timeout.
2026-03-24 20:36:49,984  INFO      <BrokerConnection client_id=kafka-python-producer-1, node_id=1 host=kafka:29092 <connected> [IPv4 ('172.20.0.2', 29092)]>: Closing connection. 
2026-03-24 20:36:49,985  INFO      Publicación finalizada: 5000 OK | 0 errores
2026-03-24 20:36:50,003  INFO      Done. Returned value was: 5000
2026-03-24 20:36:50,007  INFO      ::group::Post task execution logs
2026-03-24 20:36:50,029  INFO      Marking task as SUCCESS. dag_id=sensor_pipeline_dag, task_id=02_publish_to_kafka, run_id=scheduled__2026-03-24T20:30:00+00:00, execution_date=20260324T203000, start_date=20260324T203543, end_date=20260324T203650
