2026-03-24 20:40:02,218  INFO      ============================================================
2026-03-24 20:40:02,219  INFO      TAREA 02 — PUBLICAR EN KAFKA
2026-03-24 20:40:02,220  INFO        Topic    : home_sensors
2026-03-24 20:40:02,220  INFO        Broker   : kafka:29092
2026-03-24 20:40:02,221  INFO        Mensajes : 3137
2026-03-24 20:40:02,221  INFO        Delay    : 0.01s por mensaje
2026-03-24 20:40:02,222  INFO      ============================================================
2026-03-24 20:40:02,224  INFO      <BrokerConnection client_id=kafka-python-producer-1, node_id=bootstrap-0 host=kafka:29092 <connecting> [IPv4 ('172.20.0.2', 29092)]>: connecting to kafka:29092 [('172.20.0.2', 29092) IPv4]
2026-03-24 20:40:02,226  INFO      <BrokerConnection client_id=kafka-python-producer-1, node_id=bootstrap-0 host=kafka:29092 <checking_api_versions_recv> [IPv4 ('172.20.0.2', 29092)]>: Broker version identified as 2.6
2026-03-24 20:40:02,227  INFO      <BrokerConnection client_id=kafka-python-producer-1, node_id=bootstrap-0 host=kafka:29092 <connected> [IPv4 ('172.20.0.2', 29092)]>: Connection complete.
2026-03-24 20:40:02,331  INFO      <BrokerConnection client_id=kafka-python-producer-1, node_id=1 host=kafka:29092 <connecting> [IPv4 ('172.20.0.2', 29092)]>: connecting to kafka:29092 [('172.20.0.2', 29092) IPv4]
2026-03-24 20:40:02,332  INFO      <BrokerConnection client_id=kafka-python-producer-1, node_id=1 host=kafka:29092 <connected> [IPv4 ('172.20.0.2', 29092)]>: Connection complete.
2026-03-24 20:40:02,332  INFO      <BrokerConnection client_id=kafka-python-producer-1, node_id=bootstrap-0 host=kafka:29092 <connected> [IPv4 ('172.20.0.2', 29092)]>: Closing connection. 
2026-03-24 20:40:02,445  INFO        Progreso: 10/3137 mensajes publicados...
2026-03-24 20:40:02,571  INFO        Progreso: 20/3137 mensajes publicados...
2026-03-24 20:40:02,720  INFO        Progreso: 30/3137 mensajes publicados...
2026-03-24 20:40:02,849  INFO        Progreso: 40/3137 mensajes publicados...
2026-03-24 20:40:02,969  INFO        Progreso: 50/3137 mensajes publicados...
2026-03-24 20:40:03,091  INFO        Progreso: 60/3137 mensajes publicados...
2026-03-24 20:40:03,214  INFO        Progreso: 70/3137 mensajes publicados...
2026-03-24 20:40:03,333  INFO        Progreso: 80/3137 mensajes publicados...
2026-03-24 20:40:03,458  INFO        Progreso: 90/3137 mensajes publicados...
2026-03-24 20:40:03,597  INFO        Progreso: 100/3137 mensajes publicados...
2026-03-24 20:40:03,770  INFO        Progreso: 110/3137 mensajes publicados...
2026-03-24 20:40:03,897  INFO        Progreso: 120/3137 mensajes publicados...
2026-03-24 20:40:04,018  INFO        Progreso: 130/3137 mensajes publicados...
2026-03-24 20:40:04,152  INFO        Progreso: 140/3137 mensajes publicados...
2026-03-24 20:40:04,309  INFO        Progreso: 150/3137 mensajes publicados...
2026-03-24 20:40:04,437  INFO        Progreso: 160/3137 mensajes publicados...
2026-03-24 20:40:04,560  INFO        Progreso: 170/3137 mensajes publicados...
2026-03-24 20:40:04,683  INFO        Progreso: 180/3137 mensajes publicados...
2026-03-24 20:40:04,812  INFO        Progreso: 190/3137 mensajes publicados...
2026-03-24 20:40:04,932  INFO        Progreso: 200/3137 mensajes publicados...
2026-03-24 20:40:05,054  INFO        Progreso: 210/3137 mensajes publicados...
2026-03-24 20:40:05,176  INFO        Progreso: 220/3137 mensajes publicados...
2026-03-24 20:40:05,298  INFO        Progreso: 230/3137 mensajes publicados...
2026-03-24 20:40:05,420  INFO        Progreso: 240/3137 mensajes publicados...
2026-03-24 20:40:05,542  INFO        Progreso: 250/3137 mensajes publicados...
2026-03-24 20:40:05,668  INFO        Progreso: 260/3137 mensajes publicados...
2026-03-24 20:40:05,834  INFO        Progreso: 270/3137 mensajes publicados...
2026-03-24 20:40:06,003  INFO        Progreso: 280/3137 mensajes publicados...
2026-03-24 20:40:06,131  INFO        Progreso: 290/3137 mensajes publicados...
2026-03-24 20:40:06,307  INFO        Progreso: 300/3137 mensajes publicados...
2026-03-24 20:40:06,449  INFO        Progreso: 310/3137 mensajes publicados...
2026-03-24 20:40:06,578  INFO        Progreso: 320/3137 mensajes publicados...
2026-03-24 20:40:06,742  INFO        Progreso: 330/3137 mensajes publicados...
2026-03-24 20:40:06,909  INFO        Progreso: 340/3137 mensajes publicados...
2026-03-24 20:40:07,032  INFO        Progreso: 350/3137 mensajes publicados...
2026-03-24 20:40:07,209  INFO        Progreso: 360/3137 mensajes publicados...
2026-03-24 20:40:07,331  INFO        Progreso: 370/3137 mensajes publicados...
2026-03-24 20:40:07,450  INFO        Progreso: 380/3137 mensajes publicados...
2026-03-24 20:40:07,573  INFO        Progreso: 390/3137 mensajes publicados...
2026-03-24 20:40:07,721  INFO        Progreso: 400/3137 mensajes publicados...
2026-03-24 20:40:07,891  INFO        Progreso: 410/3137 mensajes publicados...
2026-03-24 20:40:08,018  INFO        Progreso: 420/3137 mensajes publicados...
2026-03-24 20:40:08,188  INFO        Progreso: 430/3137 mensajes publicados...
2026-03-24 20:40:08,355  INFO        Progreso: 440/3137 mensajes publicados...
2026-03-24 20:40:08,510  INFO        Progreso: 450/3137 mensajes publicados...
2026-03-24 20:40:08,631  INFO        Progreso: 460/3137 mensajes publicados...
2026-03-24 20:40:08,751  INFO        Progreso: 470/3137 mensajes publicados...
2026-03-24 20:40:08,871  INFO        Progreso: 480/3137 mensajes publicados...
2026-03-24 20:40:08,993  INFO        Progreso: 490/3137 mensajes publicados...
2026-03-24 20:40:09,115  INFO        Progreso: 500/3137 mensajes publicados...
2026-03-24 20:40:09,238  INFO        Progreso: 510/3137 mensajes publicados...
2026-03-24 20:40:09,362  INFO        Progreso: 520/3137 mensajes publicados...
2026-03-24 20:40:09,537  INFO        Progreso: 530/3137 mensajes publicados...
2026-03-24 20:40:09,686  INFO        Progreso: 540/3137 mensajes publicados...
2026-03-24 20:40:09,807  INFO        Progreso: 550/3137 mensajes publicados...
2026-03-24 20:40:09,931  INFO        Progreso: 560/3137 mensajes publicados...
2026-03-24 20:40:10,057  INFO        Progreso: 570/3137 mensajes publicados...
2026-03-24 20:40:10,183  INFO        Progreso: 580/3137 mensajes publicados...
2026-03-24 20:40:10,305  INFO        Progreso: 590/3137 mensajes publicados...
2026-03-24 20:40:10,444  INFO        Progreso: 600/3137 mensajes publicados...
2026-03-24 20:40:10,566  INFO        Progreso: 610/3137 mensajes publicados...
2026-03-24 20:40:10,688  INFO        Progreso: 620/3137 mensajes publicados...
2026-03-24 20:40:10,811  INFO        Progreso: 630/3137 mensajes publicados...
2026-03-24 20:40:10,934  INFO        Progreso: 640/3137 mensajes publicados...
2026-03-24 20:40:11,057  INFO        Progreso: 650/3137 mensajes publicados...
2026-03-24 20:40:11,177  INFO        Progreso: 660/3137 mensajes publicados...
2026-03-24 20:40:11,298  INFO        Progreso: 670/3137 mensajes publicados...
2026-03-24 20:40:11,423  INFO        Progreso: 680/3137 mensajes publicados...
2026-03-24 20:40:11,546  INFO        Progreso: 690/3137 mensajes publicados...
2026-03-24 20:40:11,668  INFO        Progreso: 700/3137 mensajes publicados...
2026-03-24 20:40:11,792  INFO        Progreso: 710/3137 mensajes publicados...
2026-03-24 20:40:11,912  INFO        Progreso: 720/3137 mensajes publicados...
2026-03-24 20:40:12,035  INFO        Progreso: 730/3137 mensajes publicados...
2026-03-24 20:40:12,165  INFO        Progreso: 740/3137 mensajes publicados...
2026-03-24 20:40:12,291  INFO        Progreso: 750/3137 mensajes publicados...
2026-03-24 20:40:12,414  INFO        Progreso: 760/3137 mensajes publicados...
2026-03-24 20:40:12,536  INFO        Progreso: 770/3137 mensajes publicados...
2026-03-24 20:40:12,656  INFO        Progreso: 780/3137 mensajes publicados...
2026-03-24 20:40:12,779  INFO        Progreso: 790/3137 mensajes publicados...
2026-03-24 20:40:12,906  INFO        Progreso: 800/3137 mensajes publicados...
2026-03-24 20:40:13,032  INFO        Progreso: 810/3137 mensajes publicados...
2026-03-24 20:40:13,155  INFO        Progreso: 820/3137 mensajes publicados...
2026-03-24 20:40:13,277  INFO        Progreso: 830/3137 mensajes publicados...
2026-03-24 20:40:13,402  INFO        Progreso: 840/3137 mensajes publicados...
2026-03-24 20:40:13,526  INFO        Progreso: 850/3137 mensajes publicados...
2026-03-24 20:40:13,653  INFO        Progreso: 860/3137 mensajes publicados...
2026-03-24 20:40:13,775  INFO        Progreso: 870/3137 mensajes publicados...
2026-03-24 20:40:13,896  INFO        Progreso: 880/3137 mensajes publicados...
2026-03-24 20:40:14,017  INFO        Progreso: 890/3137 mensajes publicados...
2026-03-24 20:40:14,137  INFO        Progreso: 900/3137 mensajes publicados...
2026-03-24 20:40:14,257  INFO        Progreso: 910/3137 mensajes publicados...
2026-03-24 20:40:14,378  INFO        Progreso: 920/3137 mensajes publicados...
2026-03-24 20:40:14,507  INFO        Progreso: 930/3137 mensajes publicados...
2026-03-24 20:40:14,630  INFO        Progreso: 940/3137 mensajes publicados...
2026-03-24 20:40:14,754  INFO        Progreso: 950/3137 mensajes publicados...
2026-03-24 20:40:14,879  INFO        Progreso: 960/3137 mensajes publicados...
2026-03-24 20:40:15,000  INFO        Progreso: 970/3137 mensajes publicados...
2026-03-24 20:40:15,121  INFO        Progreso: 980/3137 mensajes publicados...
2026-03-24 20:40:15,241  INFO        Progreso: 990/3137 mensajes publicados...
2026-03-24 20:40:15,361  INFO        Progreso: 1000/3137 mensajes publicados...
2026-03-24 20:40:15,481  INFO        Progreso: 1010/3137 mensajes publicados...
2026-03-24 20:40:15,603  INFO        Progreso: 1020/3137 mensajes publicados...
2026-03-24 20:40:15,726  INFO        Progreso: 1030/3137 mensajes publicados...
2026-03-24 20:40:15,853  INFO        Progreso: 1040/3137 mensajes publicados...
2026-03-24 20:40:16,032  INFO        Progreso: 1050/3137 mensajes publicados...
2026-03-24 20:40:16,155  INFO        Progreso: 1060/3137 mensajes publicados...
2026-03-24 20:40:16,345  INFO        Progreso: 1070/3137 mensajes publicados...
2026-03-24 20:40:16,472  INFO        Progreso: 1080/3137 mensajes publicados...
2026-03-24 20:40:16,593  INFO        Progreso: 1090/3137 mensajes publicados...
2026-03-24 20:40:16,716  INFO        Progreso: 1100/3137 mensajes publicados...
2026-03-24 20:40:16,843  INFO        Progreso: 1110/3137 mensajes publicados...
2026-03-24 20:40:16,965  INFO        Progreso: 1120/3137 mensajes publicados...
2026-03-24 20:40:17,089  INFO        Progreso: 1130/3137 mensajes publicados...
2026-03-24 20:40:17,212  INFO        Progreso: 1140/3137 mensajes publicados...
2026-03-24 20:40:17,336  INFO        Progreso: 1150/3137 mensajes publicados...
2026-03-24 20:40:17,459  INFO        Progreso: 1160/3137 mensajes publicados...
2026-03-24 20:40:17,581  INFO        Progreso: 1170/3137 mensajes publicados...
2026-03-24 20:40:17,702  INFO        Progreso: 1180/3137 mensajes publicados...
2026-03-24 20:40:17,824  INFO        Progreso: 1190/3137 mensajes publicados...
2026-03-24 20:40:17,952  INFO        Progreso: 1200/3137 mensajes publicados...
2026-03-24 20:40:18,086  INFO        Progreso: 1210/3137 mensajes publicados...
2026-03-24 20:40:18,209  INFO        Progreso: 1220/3137 mensajes publicados...
2026-03-24 20:40:18,329  INFO        Progreso: 1230/3137 mensajes publicados...
2026-03-24 20:40:18,453  INFO        Progreso: 1240/3137 mensajes publicados...
2026-03-24 20:40:18,574  INFO        Progreso: 1250/3137 mensajes publicados...
2026-03-24 20:40:18,695  INFO        Progreso: 1260/3137 mensajes publicados...
2026-03-24 20:40:18,815  INFO        Progreso: 1270/3137 mensajes publicados...
2026-03-24 20:40:18,938  INFO        Progreso: 1280/3137 mensajes publicados...
2026-03-24 20:40:19,083  INFO        Progreso: 1290/3137 mensajes publicados...
2026-03-24 20:40:19,260  INFO        Progreso: 1300/3137 mensajes publicados...
2026-03-24 20:40:19,382  INFO        Progreso: 1310/3137 mensajes publicados...
2026-03-24 20:40:19,511  INFO        Progreso: 1320/3137 mensajes publicados...
2026-03-24 20:40:19,656  INFO        Progreso: 1330/3137 mensajes publicados...
2026-03-24 20:40:19,777  INFO        Progreso: 1340/3137 mensajes publicados...
2026-03-24 20:40:19,917  INFO        Progreso: 1350/3137 mensajes publicados...
2026-03-24 20:40:20,079  INFO        Progreso: 1360/3137 mensajes publicados...
2026-03-24 20:40:20,236  INFO        Progreso: 1370/3137 mensajes publicados...
2026-03-24 20:40:20,358  INFO        Progreso: 1380/3137 mensajes publicados...
2026-03-24 20:40:20,481  INFO        Progreso: 1390/3137 mensajes publicados...
2026-03-24 20:40:20,605  INFO        Progreso: 1400/3137 mensajes publicados...
2026-03-24 20:40:20,727  INFO        Progreso: 1410/3137 mensajes publicados...
2026-03-24 20:40:20,849  INFO        Progreso: 1420/3137 mensajes publicados...
2026-03-24 20:40:20,970  INFO        Progreso: 1430/3137 mensajes publicados...
2026-03-24 20:40:21,092  INFO        Progreso: 1440/3137 mensajes publicados...
2026-03-24 20:40:21,213  INFO        Progreso: 1450/3137 mensajes publicados...
2026-03-24 20:40:21,336  INFO        Progreso: 1460/3137 mensajes publicados...
2026-03-24 20:40:21,462  INFO        Progreso: 1470/3137 mensajes publicados...
2026-03-24 20:40:21,583  INFO        Progreso: 1480/3137 mensajes publicados...
2026-03-24 20:40:21,704  INFO        Progreso: 1490/3137 mensajes publicados...
2026-03-24 20:40:21,829  INFO        Progreso: 1500/3137 mensajes publicados...
2026-03-24 20:40:21,949  INFO        Progreso: 1510/3137 mensajes publicados...
2026-03-24 20:40:22,069  INFO        Progreso: 1520/3137 mensajes publicados...
2026-03-24 20:40:22,193  INFO        Progreso: 1530/3137 mensajes publicados...
2026-03-24 20:40:22,312  INFO        Progreso: 1540/3137 mensajes publicados...
2026-03-24 20:40:22,434  INFO        Progreso: 1550/3137 mensajes publicados...
2026-03-24 20:40:22,555  INFO        Progreso: 1560/3137 mensajes publicados...
2026-03-24 20:40:22,676  INFO        Progreso: 1570/3137 mensajes publicados...
2026-03-24 20:40:22,810  INFO        Progreso: 1580/3137 mensajes publicados...
2026-03-24 20:40:22,992  INFO        Progreso: 1590/3137 mensajes publicados...
2026-03-24 20:40:23,156  INFO        Progreso: 1600/3137 mensajes publicados...
2026-03-24 20:40:23,277  INFO        Progreso: 1610/3137 mensajes publicados...
2026-03-24 20:40:23,475  INFO        Progreso: 1620/3137 mensajes publicados...
2026-03-24 20:40:23,599  INFO        Progreso: 1630/3137 mensajes publicados...
2026-03-24 20:40:23,724  INFO        Progreso: 1640/3137 mensajes publicados...
2026-03-24 20:40:23,847  INFO        Progreso: 1650/3137 mensajes publicados...
2026-03-24 20:40:23,964  INFO        Progreso: 1660/3137 mensajes publicados...
2026-03-24 20:40:24,106  INFO        Progreso: 1670/3137 mensajes publicados...
2026-03-24 20:40:24,275  INFO        Progreso: 1680/3137 mensajes publicados...
2026-03-24 20:40:24,395  INFO        Progreso: 1690/3137 mensajes publicados...
2026-03-24 20:40:24,517  INFO        Progreso: 1700/3137 mensajes publicados...
2026-03-24 20:40:24,638  INFO        Progreso: 1710/3137 mensajes publicados...
2026-03-24 20:40:24,761  INFO        Progreso: 1720/3137 mensajes publicados...
2026-03-24 20:40:24,884  INFO        Progreso: 1730/3137 mensajes publicados...
2026-03-24 20:40:25,042  INFO        Progreso: 1740/3137 mensajes publicados...
2026-03-24 20:40:25,228  INFO        Progreso: 1750/3137 mensajes publicados...
2026-03-24 20:40:25,392  INFO        Progreso: 1760/3137 mensajes publicados...
2026-03-24 20:40:25,512  INFO        Progreso: 1770/3137 mensajes publicados...
2026-03-24 20:40:25,656  INFO        Progreso: 1780/3137 mensajes publicados...
2026-03-24 20:40:25,786  INFO        Progreso: 1790/3137 mensajes publicados...
2026-03-24 20:40:25,906  INFO        Progreso: 1800/3137 mensajes publicados...
2026-03-24 20:40:26,028  INFO        Progreso: 1810/3137 mensajes publicados...
2026-03-24 20:40:26,154  INFO        Progreso: 1820/3137 mensajes publicados...
2026-03-24 20:40:26,279  INFO        Progreso: 1830/3137 mensajes publicados...
2026-03-24 20:40:26,407  INFO        Progreso: 1840/3137 mensajes publicados...
2026-03-24 20:40:26,543  INFO        Progreso: 1850/3137 mensajes publicados...
2026-03-24 20:40:26,685  INFO        Progreso: 1860/3137 mensajes publicados...
2026-03-24 20:40:26,846  INFO        Progreso: 1870/3137 mensajes publicados...
2026-03-24 20:40:26,977  INFO        Progreso: 1880/3137 mensajes publicados...
2026-03-24 20:40:27,128  INFO        Progreso: 1890/3137 mensajes publicados...
2026-03-24 20:40:27,295  INFO        Progreso: 1900/3137 mensajes publicados...
2026-03-24 20:40:27,472  INFO        Progreso: 1910/3137 mensajes publicados...
2026-03-24 20:40:27,608  INFO        Progreso: 1920/3137 mensajes publicados...
2026-03-24 20:40:27,730  INFO        Progreso: 1930/3137 mensajes publicados...
2026-03-24 20:40:27,853  INFO        Progreso: 1940/3137 mensajes publicados...
2026-03-24 20:40:27,972  INFO        Progreso: 1950/3137 mensajes publicados...
2026-03-24 20:40:28,091  INFO        Progreso: 1960/3137 mensajes publicados...
2026-03-24 20:40:28,211  INFO        Progreso: 1970/3137 mensajes publicados...
2026-03-24 20:40:28,336  INFO        Progreso: 1980/3137 mensajes publicados...
2026-03-24 20:40:28,464  INFO        Progreso: 1990/3137 mensajes publicados...
2026-03-24 20:40:28,618  INFO        Progreso: 2000/3137 mensajes publicados...
2026-03-24 20:40:28,800  INFO        Progreso: 2010/3137 mensajes publicados...
2026-03-24 20:40:28,921  INFO        Progreso: 2020/3137 mensajes publicados...
2026-03-24 20:40:29,051  INFO        Progreso: 2030/3137 mensajes publicados...
2026-03-24 20:40:29,178  INFO        Progreso: 2040/3137 mensajes publicados...
2026-03-24 20:40:29,318  INFO        Progreso: 2050/3137 mensajes publicados...
2026-03-24 20:40:29,483  INFO        Progreso: 2060/3137 mensajes publicados...
2026-03-24 20:40:29,637  INFO        Progreso: 2070/3137 mensajes publicados...
2026-03-24 20:40:29,769  INFO        Progreso: 2080/3137 mensajes publicados...
2026-03-24 20:40:29,926  INFO        Progreso: 2090/3137 mensajes publicados...
2026-03-24 20:40:30,086  INFO        Progreso: 2100/3137 mensajes publicados...
2026-03-24 20:40:30,236  INFO        Progreso: 2110/3137 mensajes publicados...
2026-03-24 20:40:30,415  INFO        Progreso: 2120/3137 mensajes publicados...
2026-03-24 20:40:30,540  INFO        Progreso: 2130/3137 mensajes publicados...
2026-03-24 20:40:30,676  INFO        Progreso: 2140/3137 mensajes publicados...
2026-03-24 20:40:30,837  INFO        Progreso: 2150/3137 mensajes publicados...
2026-03-24 20:40:30,963  INFO        Progreso: 2160/3137 mensajes publicados...
2026-03-24 20:40:31,136  INFO        Progreso: 2170/3137 mensajes publicados...
2026-03-24 20:40:31,279  INFO        Progreso: 2180/3137 mensajes publicados...
2026-03-24 20:40:31,461  INFO        Progreso: 2190/3137 mensajes publicados...
2026-03-24 20:40:31,617  INFO        Progreso: 2200/3137 mensajes publicados...
2026-03-24 20:40:31,775  INFO        Progreso: 2210/3137 mensajes publicados...
2026-03-24 20:40:31,924  INFO        Progreso: 2220/3137 mensajes publicados...
2026-03-24 20:40:32,072  INFO        Progreso: 2230/3137 mensajes publicados...
2026-03-24 20:40:32,257  INFO        Progreso: 2240/3137 mensajes publicados...
2026-03-24 20:40:32,379  INFO        Progreso: 2250/3137 mensajes publicados...
2026-03-24 20:40:32,506  INFO        Progreso: 2260/3137 mensajes publicados...
2026-03-24 20:40:32,626  INFO        Progreso: 2270/3137 mensajes publicados...
2026-03-24 20:40:32,748  INFO        Progreso: 2280/3137 mensajes publicados...
2026-03-24 20:40:32,869  INFO        Progreso: 2290/3137 mensajes publicados...
2026-03-24 20:40:32,993  INFO        Progreso: 2300/3137 mensajes publicados...
2026-03-24 20:40:33,115  INFO        Progreso: 2310/3137 mensajes publicados...
2026-03-24 20:40:33,239  INFO        Progreso: 2320/3137 mensajes publicados...
2026-03-24 20:40:33,362  INFO        Progreso: 2330/3137 mensajes publicados...
2026-03-24 20:40:33,484  INFO        Progreso: 2340/3137 mensajes publicados...
2026-03-24 20:40:33,606  INFO        Progreso: 2350/3137 mensajes publicados...
2026-03-24 20:40:33,727  INFO        Progreso: 2360/3137 mensajes publicados...
2026-03-24 20:40:33,849  INFO        Progreso: 2370/3137 mensajes publicados...
2026-03-24 20:40:33,970  INFO        Progreso: 2380/3137 mensajes publicados...
2026-03-24 20:40:34,092  INFO        Progreso: 2390/3137 mensajes publicados...
2026-03-24 20:40:34,224  INFO        Progreso: 2400/3137 mensajes publicados...
2026-03-24 20:40:34,349  INFO        Progreso: 2410/3137 mensajes publicados...
2026-03-24 20:40:34,472  INFO        Progreso: 2420/3137 mensajes publicados...
2026-03-24 20:40:34,596  INFO        Progreso: 2430/3137 mensajes publicados...
2026-03-24 20:40:34,717  INFO        Progreso: 2440/3137 mensajes publicados...
2026-03-24 20:40:34,839  INFO        Progreso: 2450/3137 mensajes publicados...
2026-03-24 20:40:34,964  INFO        Progreso: 2460/3137 mensajes publicados...
2026-03-24 20:40:35,087  INFO        Progreso: 2470/3137 mensajes publicados...
2026-03-24 20:40:35,242  INFO        Progreso: 2480/3137 mensajes publicados...
2026-03-24 20:40:35,400  INFO        Progreso: 2490/3137 mensajes publicados...
2026-03-24 20:40:35,520  INFO        Progreso: 2500/3137 mensajes publicados...
2026-03-24 20:40:35,641  INFO        Progreso: 2510/3137 mensajes publicados...
2026-03-24 20:40:35,763  INFO        Progreso: 2520/3137 mensajes publicados...
2026-03-24 20:40:35,899  INFO        Progreso: 2530/3137 mensajes publicados...
2026-03-24 20:40:36,105  INFO        Progreso: 2540/3137 mensajes publicados...
2026-03-24 20:40:36,246  INFO        Progreso: 2550/3137 mensajes publicados...
2026-03-24 20:40:36,418  INFO        Progreso: 2560/3137 mensajes publicados...
2026-03-24 20:40:36,540  INFO        Progreso: 2570/3137 mensajes publicados...
2026-03-24 20:40:36,662  INFO        Progreso: 2580/3137 mensajes publicados...
2026-03-24 20:40:36,802  INFO        Progreso: 2590/3137 mensajes publicados...
2026-03-24 20:40:36,943  INFO        Progreso: 2600/3137 mensajes publicados...
2026-03-24 20:40:37,067  INFO        Progreso: 2610/3137 mensajes publicados...
2026-03-24 20:40:37,265  INFO        Progreso: 2620/3137 mensajes publicados...
2026-03-24 20:40:37,397  INFO        Progreso: 2630/3137 mensajes publicados...
2026-03-24 20:40:37,521  INFO        Progreso: 2640/3137 mensajes publicados...
2026-03-24 20:40:37,643  INFO        Progreso: 2650/3137 mensajes publicados...
2026-03-24 20:40:37,772  INFO        Progreso: 2660/3137 mensajes publicados...
2026-03-24 20:40:37,895  INFO        Progreso: 2670/3137 mensajes publicados...
2026-03-24 20:40:38,018  INFO        Progreso: 2680/3137 mensajes publicados...
2026-03-24 20:40:38,142  INFO        Progreso: 2690/3137 mensajes publicados...
2026-03-24 20:40:38,293  INFO        Progreso: 2700/3137 mensajes publicados...
2026-03-24 20:40:38,471  INFO        Progreso: 2710/3137 mensajes publicados...
2026-03-24 20:40:38,592  INFO        Progreso: 2720/3137 mensajes publicados...
2026-03-24 20:40:38,720  INFO        Progreso: 2730/3137 mensajes publicados...
2026-03-24 20:40:38,896  INFO        Progreso: 2740/3137 mensajes publicados...
2026-03-24 20:40:39,039  INFO        Progreso: 2750/3137 mensajes publicados...
2026-03-24 20:40:39,189  INFO        Progreso: 2760/3137 mensajes publicados...
2026-03-24 20:40:39,380  INFO        Progreso: 2770/3137 mensajes publicados...
2026-03-24 20:40:39,524  INFO        Progreso: 2780/3137 mensajes publicados...
2026-03-24 20:40:39,684  INFO        Progreso: 2790/3137 mensajes publicados...
2026-03-24 20:40:39,822  INFO        Progreso: 2800/3137 mensajes publicados...
2026-03-24 20:40:39,951  INFO        Progreso: 2810/3137 mensajes publicados...
2026-03-24 20:40:40,075  INFO        Progreso: 2820/3137 mensajes publicados...
2026-03-24 20:40:40,198  INFO        Progreso: 2830/3137 mensajes publicados...
2026-03-24 20:40:40,323  INFO        Progreso: 2840/3137 mensajes publicados...
2026-03-24 20:40:40,446  INFO        Progreso: 2850/3137 mensajes publicados...
2026-03-24 20:40:40,567  INFO        Progreso: 2860/3137 mensajes publicados...
2026-03-24 20:40:40,739  INFO        Progreso: 2870/3137 mensajes publicados...
2026-03-24 20:40:40,882  INFO        Progreso: 2880/3137 mensajes publicados...
2026-03-24 20:40:41,031  INFO        Progreso: 2890/3137 mensajes publicados...
2026-03-24 20:40:41,221  INFO        Progreso: 2900/3137 mensajes publicados...
2026-03-24 20:40:41,342  INFO        Progreso: 2910/3137 mensajes publicados...
2026-03-24 20:40:41,522  INFO        Progreso: 2920/3137 mensajes publicados...
2026-03-24 20:40:41,685  INFO        Progreso: 2930/3137 mensajes publicados...
2026-03-24 20:40:41,861  INFO        Progreso: 2940/3137 mensajes publicados...
2026-03-24 20:40:41,985  INFO        Progreso: 2950/3137 mensajes publicados...
2026-03-24 20:40:42,157  INFO        Progreso: 2960/3137 mensajes publicados...
2026-03-24 20:40:42,299  INFO        Progreso: 2970/3137 mensajes publicados...
2026-03-24 20:40:42,423  INFO        Progreso: 2980/3137 mensajes publicados...
2026-03-24 20:40:42,542  INFO        Progreso: 2990/3137 mensajes publicados...
2026-03-24 20:40:42,666  INFO        Progreso: 3000/3137 mensajes publicados...
2026-03-24 20:40:42,788  INFO        Progreso: 3010/3137 mensajes publicados...
2026-03-24 20:40:42,913  INFO        Progreso: 3020/3137 mensajes publicados...
2026-03-24 20:40:43,033  INFO        Progreso: 3030/3137 mensajes publicados...
2026-03-24 20:40:43,164  INFO        Progreso: 3040/3137 mensajes publicados...
2026-03-24 20:40:43,346  INFO        Progreso: 3050/3137 mensajes publicados...
2026-03-24 20:40:43,479  INFO        Progreso: 3060/3137 mensajes publicados...
2026-03-24 20:40:43,600  INFO        Progreso: 3070/3137 mensajes publicados...
2026-03-24 20:40:43,746  INFO        Progreso: 3080/3137 mensajes publicados...
2026-03-24 20:40:43,898  INFO        Progreso: 3090/3137 mensajes publicados...
2026-03-24 20:40:44,037  INFO        Progreso: 3100/3137 mensajes publicados...
2026-03-24 20:40:44,169  INFO        Progreso: 3110/3137 mensajes publicados...
2026-03-24 20:40:44,328  INFO        Progreso: 3120/3137 mensajes publicados...
2026-03-24 20:40:44,454  INFO        Progreso: 3130/3137 mensajes publicados...
2026-03-24 20:40:44,548  INFO      <KafkaProducer client_id=kafka-python-producer-1 transactional_id=None>: Closing the Kafka producer with 9223372036.0 secs timeout.
2026-03-24 20:40:44,550  INFO      <BrokerConnection client_id=kafka-python-producer-1, node_id=1 host=kafka:29092 <connected> [IPv4 ('172.20.0.2', 29092)]>: Closing connection. 
2026-03-24 20:40:44,551  INFO      Publicación finalizada: 3137 OK | 0 errores
2026-03-24 20:40:44,567  INFO      Done. Returned value was: 3137
2026-03-24 20:40:44,568  INFO      ::group::Post task execution logs
2026-03-24 20:40:44,590  INFO      Marking task as SUCCESS. dag_id=sensor_pipeline_dag, task_id=02_publish_to_kafka, run_id=scheduled__2026-03-24T20:35:00+00:00, execution_date=20260324T203500, start_date=20260324T204001, end_date=20260324T204044
